customer/build/intermediates/manifest_merge_blame_file/debug/manifest-merger-blame-debug-report.txt
1<?xml version="1.0" encoding="utf-8"?>
2<manifest xmlns:android="http://schemas.android.com/apk/res/android"
3    package="com.tripbd.user"
4    android:versionCode="3"
5    android:versionName="1.1.0" >
6
7    <uses-sdk
8        android:minSdkVersion="21"
8-->src\main\AndroidManifest.xml
9        android:targetSdkVersion="33" />
9-->src\main\AndroidManifest.xml
10
11    <uses-permission android:name="android.permission.INTERNET" />
11-->src\main\AndroidManifest.xml:5:5-67
11-->src\main\AndroidManifest.xml:5:22-64
12    <uses-permission android:name="android.permission.CALL_PHONE" />
12-->src\main\AndroidManifest.xml:6:5-69
12-->src\main\AndroidManifest.xml:6:22-66
13
14    <!-- Although the *SdkVersion is captured in gradle build files, this is required for non gradle builds -->
15    <!-- <uses-sdk android:minSdkVersion="14" /> -->
16    <uses-permission android:name="android.permission.ACCESS_NETWORK_STATE" />
16-->[com.google.firebase:firebase-firestore:24.4.5] AndroidManifest.xml:12:5-79
16-->[com.google.firebase:firebase-firestore:24.4.5] AndroidManifest.xml:12:22-76
17    <uses-permission android:name="android.permission.POST_NOTIFICATIONS" />
17-->[com.google.firebase:firebase-messaging:23.1.2] AndroidManifest.xml:25:5-77
17-->[com.google.firebase:firebase-messaging:23.1.2] AndroidManifest.xml:25:22-74
18    <uses-permission android:name="android.permission.WAKE_LOCK" /> <!-- Required by older versions of Google Play services to create IID tokens -->
18-->[com.google.firebase:firebase-messaging:23.1.2] AndroidManifest.xml:26:5-68
18-->[com.google.firebase:firebase-messaging:23.1.2] AndroidManifest.xml:26:22-65
19    <uses-permission android:name="com.google.android.c2dm.permission.RECEIVE" />
19-->[com.google.firebase:firebase-messaging:23.1.2] AndroidManifest.xml:28:5-82
19-->[com.google.firebase:firebase-messaging:23.1.2] AndroidManifest.xml:28:22-79
20
21    <permission
21-->[androidx.core:core:1.9.0] AndroidManifest.xml:22:5-24:47
22        android:name="com.tripbd.user.DYNAMIC_RECEIVER_NOT_EXPORTED_PERMISSION"
22-->[androidx.core:core:1.9.0] AndroidManifest.xml:23:9-81
23        android:protectionLevel="signature" />
23-->[androidx.core:core:1.9.0] AndroidManifest.xml:24:9-44
24
25    <uses-permission android:name="com.tripbd.user.DYNAMIC_RECEIVER_NOT_EXPORTED_PERMISSION" />
25-->[androidx.core:core:1.9.0] AndroidManifest.xml:26:5-97
25-->[androidx.core:core:1.9.0] AndroidManifest.xml:26:22-94
26
27    <application
27-->src\main\AndroidManifest.xml:8:5-96:19
28        android:allowBackup="true"
28-->src\main\AndroidManifest.xml:9:9-35
29        android:appComponentFactory="androidx.core.app.CoreComponentFactory"
29-->[androidx.core:core:1.9.0] AndroidManifest.xml:28:18-86
30        android:dataExtractionRules="@xml/data_extraction_rules"
30-->src\main\AndroidManifest.xml:10:9-65
31        android:debuggable="true"
32        android:fullBackupContent="@xml/backup_rules"
32-->src\main\AndroidManifest.xml:11:9-54
33        android:icon="@mipmap/ic_launcher_customer"
33-->src\main\AndroidManifest.xml:12:9-52
34        android:label="@string/app_name"
34-->src\main\AndroidManifest.xml:13:9-41
35        android:roundIcon="@mipmap/ic_launcher_customer_round"
35-->src\main\AndroidManifest.xml:14:9-63
36        android:supportsRtl="true"
36-->src\main\AndroidManifest.xml:15:9-35
37        android:theme="@style/Theme.Vehicle" >
37-->src\main\AndroidManifest.xml:16:9-45
38        <activity
38-->src\main\AndroidManifest.xml:18:9-24:20
39            android:name="com.tripbd.user.view.UpdateTripInfoActivity"
39-->src\main\AndroidManifest.xml:19:13-56
40            android:exported="false" >
40-->src\main\AndroidManifest.xml:20:13-37
41            <meta-data
41-->src\main\AndroidManifest.xml:21:13-23:36
42                android:name="android.app.lib_name"
42-->src\main\AndroidManifest.xml:22:17-52
43                android:value="" />
43-->src\main\AndroidManifest.xml:23:17-33
44        </activity>
45        <!--
46           <meta-data
47            android:name="com.google.firebase.messaging.default_notification_icon"
48            android:resource="@drawable/ic_stat_ic_notification" />
49        &lt;!&ndash; Set color used with incoming notification messages. This is used when no color is set for the incoming
50             notification message. See README(https://goo.gl/6BKBk7) for more. &ndash;&gt;
51        <meta-data
52            android:name="com.google.firebase.messaging.default_notification_color"
53            android:resource="@color/colorAccent" />
54        &lt;!&ndash; [END fcm_default_icon] &ndash;&gt;
55        &lt;!&ndash; [START fcm_default_channel] &ndash;&gt;
56        <meta-data
57            android:name="com.google.firebase.messaging.default_notification_channel_id"
58            android:value="@string/default_notification_channel_id" />
59         [END fcm_default_channel]
60        -->
61        <activity
61-->src\main\AndroidManifest.xml:41:9-47:20
62            android:name="com.tripbd.user.view.CreateTripActivity"
62-->src\main\AndroidManifest.xml:42:13-52
63            android:exported="false" >
63-->src\main\AndroidManifest.xml:43:13-37
64            <meta-data
64-->src\main\AndroidManifest.xml:21:13-23:36
65                android:name="android.app.lib_name"
65-->src\main\AndroidManifest.xml:22:17-52
66                android:value="" />
66-->src\main\AndroidManifest.xml:23:17-33
67        </activity>
68        <activity
68-->src\main\AndroidManifest.xml:48:9-54:20
69            android:name="com.tripbd.user.view.ProfileSetUpActivity"
69-->src\main\AndroidManifest.xml:49:13-54
70            android:exported="true" >
70-->src\main\AndroidManifest.xml:50:13-36
71            <meta-data
71-->src\main\AndroidManifest.xml:21:13-23:36
72                android:name="android.app.lib_name"
72-->src\main\AndroidManifest.xml:22:17-52
73                android:value="" />
73-->src\main\AndroidManifest.xml:23:17-33
74        </activity>
75        <activity
75-->src\main\AndroidManifest.xml:55:9-61:20
76            android:name="com.tripbd.user.view.VerificationActivity"
76-->src\main\AndroidManifest.xml:56:13-54
77            android:exported="true" >
77-->src\main\AndroidManifest.xml:57:13-36
78            <meta-data
78-->src\main\AndroidManifest.xml:21:13-23:36
79                android:name="android.app.lib_name"
79-->src\main\AndroidManifest.xml:22:17-52
80                android:value="" />
80-->src\main\AndroidManifest.xml:23:17-33
81        </activity>
82        <activity
82-->src\main\AndroidManifest.xml:62:9-68:20
83            android:name="com.tripbd.user.view.BiddingActivity"
83-->src\main\AndroidManifest.xml:63:13-49
84            android:exported="true" >
84-->src\main\AndroidManifest.xml:64:13-36
85            <meta-data
85-->src\main\AndroidManifest.xml:21:13-23:36
86                android:name="android.app.lib_name"
86-->src\main\AndroidManifest.xml:22:17-52
87                android:value="" />
87-->src\main\AndroidManifest.xml:23:17-33
88        </activity>
89        <activity
89-->src\main\AndroidManifest.xml:69:9-81:20
90            android:name="com.tripbd.user.view.SignInActivity"
90-->src\main\AndroidManifest.xml:70:13-48
91            android:exported="true" >
91-->src\main\AndroidManifest.xml:71:13-36
92            <intent-filter>
92-->src\main\AndroidManifest.xml:72:13-76:29
93                <action android:name="android.intent.action.MAIN" />
93-->src\main\AndroidManifest.xml:73:17-69
93-->src\main\AndroidManifest.xml:73:25-66
94
95                <category android:name="android.intent.category.LAUNCHER" />
95-->src\main\AndroidManifest.xml:75:17-77
95-->src\main\AndroidManifest.xml:75:27-74
96            </intent-filter>
97
98            <meta-data
98-->src\main\AndroidManifest.xml:21:13-23:36
99                android:name="android.app.lib_name"
99-->src\main\AndroidManifest.xml:22:17-52
100                android:value="" />
100-->src\main\AndroidManifest.xml:23:17-33
101        </activity>
102        <activity
102-->src\main\AndroidManifest.xml:82:9-88:20
103            android:name="com.tripbd.user.view.SignUpActivity"
103-->src\main\AndroidManifest.xml:83:13-48
104            android:exported="true" >
104-->src\main\AndroidManifest.xml:84:13-36
105            <meta-data
105-->src\main\AndroidManifest.xml:21:13-23:36
106                android:name="android.app.lib_name"
106-->src\main\AndroidManifest.xml:22:17-52
107                android:value="" />
107-->src\main\AndroidManifest.xml:23:17-33
108        </activity>
109        <activity
109-->src\main\AndroidManifest.xml:89:9-95:20
110            android:name="com.tripbd.user.view.MainActivity"
110-->src\main\AndroidManifest.xml:90:13-46
111            android:exported="true" >
111-->src\main\AndroidManifest.xml:91:13-36
112            <meta-data
112-->src\main\AndroidManifest.xml:21:13-23:36
113                android:name="android.app.lib_name"
113-->src\main\AndroidManifest.xml:22:17-52
114                android:value="" />
114-->src\main\AndroidManifest.xml:23:17-33
115        </activity>
116
117        <service
117-->[com.google.firebase:firebase-firestore:24.4.5] AndroidManifest.xml:16:9-22:19
118            android:name="com.google.firebase.components.ComponentDiscoveryService"
118-->[com.google.firebase:firebase-firestore:24.4.5] AndroidManifest.xml:17:13-84
119            android:directBootAware="true"
119-->[com.google.firebase:firebase-common:20.3.1] AndroidManifest.xml:34:13-43
120            android:exported="false" >
120-->[com.google.firebase:firebase-firestore:24.4.5] AndroidManifest.xml:18:13-37
121            <meta-data
121-->[com.google.firebase:firebase-firestore:24.4.5] AndroidManifest.xml:19:13-21:85
122                android:name="com.google.firebase.components:com.google.firebase.firestore.FirestoreRegistrar"
122-->[com.google.firebase:firebase-firestore:24.4.5] AndroidManifest.xml:20:17-111
123                android:value="com.google.firebase.components.ComponentRegistrar" />
123-->[com.google.firebase:firebase-firestore:24.4.5] AndroidManifest.xml:21:17-82
124            <meta-data
124-->[com.google.firebase:firebase-auth:21.2.0] AndroidManifest.xml:69:13-71:85
125                android:name="com.google.firebase.components:com.google.firebase.auth.FirebaseAuthRegistrar"
125-->[com.google.firebase:firebase-auth:21.2.0] AndroidManifest.xml:70:17-109
126                android:value="com.google.firebase.components.ComponentRegistrar" />
126-->[com.google.firebase:firebase-auth:21.2.0] AndroidManifest.xml:71:17-82
127            <meta-data
127-->[com.google.firebase:firebase-storage:20.1.0] AndroidManifest.xml:32:13-34:85
128                android:name="com.google.firebase.components:com.google.firebase.storage.StorageRegistrar"
128-->[com.google.firebase:firebase-storage:20.1.0] AndroidManifest.xml:33:17-107
129                android:value="com.google.firebase.components.ComponentRegistrar" />
129-->[com.google.firebase:firebase-storage:20.1.0] AndroidManifest.xml:34:17-82
130            <meta-data
130-->[com.google.firebase:firebase-messaging:23.1.2] AndroidManifest.xml:55:13-57:85
131                android:name="com.google.firebase.components:com.google.firebase.messaging.FirebaseMessagingRegistrar"
131-->[com.google.firebase:firebase-messaging:23.1.2] AndroidManifest.xml:56:17-119
132                android:value="com.google.firebase.components.ComponentRegistrar" />
132-->[com.google.firebase:firebase-messaging:23.1.2] AndroidManifest.xml:57:17-82
133            <meta-data
133-->[com.google.firebase:firebase-datatransport:18.1.7] AndroidManifest.xml:27:13-29:85
134                android:name="com.google.firebase.components:com.google.firebase.datatransport.TransportRegistrar"
134-->[com.google.firebase:firebase-datatransport:18.1.7] AndroidManifest.xml:28:17-115
135                android:value="com.google.firebase.components.ComponentRegistrar" />
135-->[com.google.firebase:firebase-datatransport:18.1.7] AndroidManifest.xml:29:17-82
136            <meta-data
136-->[com.google.firebase:firebase-installations:17.1.3] AndroidManifest.xml:17:13-19:85
137                android:name="com.google.firebase.components:com.google.firebase.installations.FirebaseInstallationsRegistrar"
137-->[com.google.firebase:firebase-installations:17.1.3] AndroidManifest.xml:18:17-127
138                android:value="com.google.firebase.components.ComponentRegistrar" />
138-->[com.google.firebase:firebase-installations:17.1.3] AndroidManifest.xml:19:17-82
139        </service>
140
141        <provider
141-->[com.squareup.picasso:picasso:2.8] AndroidManifest.xml:8:9-11:40
142            android:name="com.squareup.picasso.PicassoProvider"
142-->[com.squareup.picasso:picasso:2.8] AndroidManifest.xml:9:13-64
143            android:authorities="com.tripbd.user.com.squareup.picasso"
143-->[com.squareup.picasso:picasso:2.8] AndroidManifest.xml:10:13-72
144            android:exported="false" />
144-->[com.squareup.picasso:picasso:2.8] AndroidManifest.xml:11:13-37
145
146        <activity
146-->[com.google.firebase:firebase-auth:21.2.0] AndroidManifest.xml:29:9-46:20
147            android:name="com.google.firebase.auth.internal.GenericIdpActivity"
147-->[com.google.firebase:firebase-auth:21.2.0] AndroidManifest.xml:30:13-80
148            android:excludeFromRecents="true"
148-->[com.google.firebase:firebase-auth:21.2.0] AndroidManifest.xml:31:13-46
149            android:exported="true"
149-->[com.google.firebase:firebase-auth:21.2.0] AndroidManifest.xml:32:13-36
150            android:launchMode="singleTask"
150-->[com.google.firebase:firebase-auth:21.2.0] AndroidManifest.xml:33:13-44
151            android:theme="@android:style/Theme.Translucent.NoTitleBar" >
151-->[com.google.firebase:firebase-auth:21.2.0] AndroidManifest.xml:34:13-72
152            <intent-filter>
152-->[com.google.firebase:firebase-auth:21.2.0] AndroidManifest.xml:35:13-45:29
153                <action android:name="android.intent.action.VIEW" />
153-->[com.google.firebase:firebase-auth:21.2.0] AndroidManifest.xml:36:17-69
153-->[com.google.firebase:firebase-auth:21.2.0] AndroidManifest.xml:36:25-66
154
155                <category android:name="android.intent.category.DEFAULT" />
155-->[com.google.firebase:firebase-auth:21.2.0] AndroidManifest.xml:38:17-76
155-->[com.google.firebase:firebase-auth:21.2.0] AndroidManifest.xml:38:27-73
156                <category android:name="android.intent.category.BROWSABLE" />
156-->[com.google.firebase:firebase-auth:21.2.0] AndroidManifest.xml:39:17-78
156-->[com.google.firebase:firebase-auth:21.2.0] AndroidManifest.xml:39:27-75
157
158                <data
158-->[com.google.firebase:firebase-auth:21.2.0] AndroidManifest.xml:41:17-44:51
159                    android:host="firebase.auth"
159-->[com.google.firebase:firebase-auth:21.2.0] AndroidManifest.xml:42:21-49
160                    android:path="/"
160-->[com.google.firebase:firebase-auth:21.2.0] AndroidManifest.xml:43:21-37
161                    android:scheme="genericidp" />
161-->[com.google.firebase:firebase-auth:21.2.0] AndroidManifest.xml:44:21-48
162            </intent-filter>
163        </activity>
164        <activity
164-->[com.google.firebase:firebase-auth:21.2.0] AndroidManifest.xml:47:9-64:20
165            android:name="com.google.firebase.auth.internal.RecaptchaActivity"
165-->[com.google.firebase:firebase-auth:21.2.0] AndroidManifest.xml:48:13-79
166            android:excludeFromRecents="true"
166-->[com.google.firebase:firebase-auth:21.2.0] AndroidManifest.xml:49:13-46
167            android:exported="true"
167-->[com.google.firebase:firebase-auth:21.2.0] AndroidManifest.xml:50:13-36
168            android:launchMode="singleTask"
168-->[com.google.firebase:firebase-auth:21.2.0] AndroidManifest.xml:51:13-44
169            android:theme="@android:style/Theme.Translucent.NoTitleBar" >
169-->[com.google.firebase:firebase-auth:21.2.0] AndroidManifest.xml:52:13-72
170            <intent-filter>
170-->[com.google.firebase:firebase-auth:21.2.0] AndroidManifest.xml:53:13-63:29
171                <action android:name="android.intent.action.VIEW" />
171-->[com.google.firebase:firebase-auth:21.2.0] AndroidManifest.xml:36:17-69
171-->[com.google.firebase:firebase-auth:21.2.0] AndroidManifest.xml:36:25-66
172
173                <category android:name="android.intent.category.DEFAULT" />
173-->[com.google.firebase:firebase-auth:21.2.0] AndroidManifest.xml:38:17-76
173-->[com.google.firebase:firebase-auth:21.2.0] AndroidManifest.xml:38:27-73
174                <category android:name="android.intent.category.BROWSABLE" />
174-->[com.google.firebase:firebase-auth:21.2.0] AndroidManifest.xml:39:17-78
174-->[com.google.firebase:firebase-auth:21.2.0] AndroidManifest.xml:39:27-75
175
176                <data
176-->[com.google.firebase:firebase-auth:21.2.0] AndroidManifest.xml:41:17-44:51
177                    android:host="firebase.auth"
177-->[com.google.firebase:firebase-auth:21.2.0] AndroidManifest.xml:42:21-49
178                    android:path="/"
178-->[com.google.firebase:firebase-auth:21.2.0] AndroidManifest.xml:43:21-37
179                    android:scheme="recaptcha" />
179-->[com.google.firebase:firebase-auth:21.2.0] AndroidManifest.xml:44:21-48
180            </intent-filter>
181        </activity>
182
183        <receiver
183-->[com.google.firebase:firebase-messaging:23.1.2] AndroidManifest.xml:31:9-38:20
184            android:name="com.google.firebase.iid.FirebaseInstanceIdReceiver"
184-->[com.google.firebase:firebase-messaging:23.1.2] AndroidManifest.xml:32:13-78
185            android:exported="true"
185-->[com.google.firebase:firebase-messaging:23.1.2] AndroidManifest.xml:33:13-36
186            android:permission="com.google.android.c2dm.permission.SEND" >
186-->[com.google.firebase:firebase-messaging:23.1.2] AndroidManifest.xml:34:13-73
187            <intent-filter>
187-->[com.google.firebase:firebase-messaging:23.1.2] AndroidManifest.xml:35:13-37:29
188                <action android:name="com.google.android.c2dm.intent.RECEIVE" />
188-->[com.google.firebase:firebase-messaging:23.1.2] AndroidManifest.xml:36:17-81
188-->[com.google.firebase:firebase-messaging:23.1.2] AndroidManifest.xml:36:25-78
189            </intent-filter>
190        </receiver>
191        <!--
192             FirebaseMessagingService performs security checks at runtime,
193             but set to not exported to explicitly avoid allowing another app to call it.
194        -->
195        <service
195-->[com.google.firebase:firebase-messaging:23.1.2] AndroidManifest.xml:44:9-51:19
196            android:name="com.google.firebase.messaging.FirebaseMessagingService"
196-->[com.google.firebase:firebase-messaging:23.1.2] AndroidManifest.xml:45:13-82
197            android:directBootAware="true"
197-->[com.google.firebase:firebase-messaging:23.1.2] AndroidManifest.xml:46:13-43
198            android:exported="false" >
198-->[com.google.firebase:firebase-messaging:23.1.2] AndroidManifest.xml:47:13-37
199            <intent-filter android:priority="-500" >
199-->[com.google.firebase:firebase-messaging:23.1.2] AndroidManifest.xml:48:13-50:29
199-->[com.google.firebase:firebase-messaging:23.1.2] AndroidManifest.xml:48:28-51
200                <action android:name="com.google.firebase.MESSAGING_EVENT" />
200-->[com.google.firebase:firebase-messaging:23.1.2] AndroidManifest.xml:49:17-78
200-->[com.google.firebase:firebase-messaging:23.1.2] AndroidManifest.xml:49:25-75
201            </intent-filter>
202        </service>
203
204        <provider
204-->[com.google.firebase:firebase-common:20.3.1] AndroidManifest.xml:25:9-30:39
205            android:name="com.google.firebase.provider.FirebaseInitProvider"
205-->[com.google.firebase:firebase-common:20.3.1] AndroidManifest.xml:26:13-77
206            android:authorities="com.tripbd.user.firebaseinitprovider"
206-->[com.google.firebase:firebase-common:20.3.1] AndroidManifest.xml:27:13-72
207            android:directBootAware="true"
207-->[com.google.firebase:firebase-common:20.3.1] AndroidManifest.xml:28:13-43
208            android:exported="false"
208-->[com.google.firebase:firebase-common:20.3.1] AndroidManifest.xml:29:13-37
209            android:initOrder="100" />
209-->[com.google.firebase:firebase-common:20.3.1] AndroidManifest.xml:30:13-36
210
211        <activity
211-->[com.google.android.gms:play-services-base:18.0.1] AndroidManifest.xml:20:9-22:45
212            android:name="com.google.android.gms.common.api.GoogleApiActivity"
212-->[com.google.android.gms:play-services-base:18.0.1] AndroidManifest.xml:20:19-85
213            android:exported="false"
213-->[com.google.android.gms:play-services-base:18.0.1] AndroidManifest.xml:22:19-43
214            android:theme="@android:style/Theme.Translucent.NoTitleBar" />
214-->[com.google.android.gms:play-services-base:18.0.1] AndroidManifest.xml:21:19-78
215
216        <meta-data
216-->[com.google.android.gms:play-services-basement:18.1.0] AndroidManifest.xml:21:9-23:69
217            android:name="com.google.android.gms.version"
217-->[com.google.android.gms:play-services-basement:18.1.0] AndroidManifest.xml:22:13-58
218            android:value="@integer/google_play_services_version" />
218-->[com.google.android.gms:play-services-basement:18.1.0] AndroidManifest.xml:23:13-66
219
220        <provider
220-->[androidx.emoji2:emoji2:1.2.0] AndroidManifest.xml:24:9-32:20
221            android:name="androidx.startup.InitializationProvider"
221-->[androidx.emoji2:emoji2:1.2.0] AndroidManifest.xml:25:13-67
222            android:authorities="com.tripbd.user.androidx-startup"
222-->[androidx.emoji2:emoji2:1.2.0] AndroidManifest.xml:26:13-68
223            android:exported="false" >
223-->[androidx.emoji2:emoji2:1.2.0] AndroidManifest.xml:27:13-37
224            <meta-data
224-->[androidx.emoji2:emoji2:1.2.0] AndroidManifest.xml:29:13-31:52
225                android:name="androidx.emoji2.text.EmojiCompatInitializer"
225-->[androidx.emoji2:emoji2:1.2.0] AndroidManifest.xml:30:17-75
226                android:value="androidx.startup" />
226-->[androidx.emoji2:emoji2:1.2.0] AndroidManifest.xml:31:17-49
227            <meta-data
227-->[androidx.lifecycle:lifecycle-process:2.4.1] AndroidManifest.xml:31:13-33:52
228                android:name="androidx.lifecycle.ProcessLifecycleInitializer"
228-->[androidx.lifecycle:lifecycle-process:2.4.1] AndroidManifest.xml:32:17-78
229                android:value="androidx.startup" />
229-->[androidx.lifecycle:lifecycle-process:2.4.1] AndroidManifest.xml:33:17-49
230        </provider>
231
232        <service
232-->[com.google.android.datatransport:transport-backend-cct:3.1.8] AndroidManifest.xml:28:9-34:19
233            android:name="com.google.android.datatransport.runtime.backends.TransportBackendDiscovery"
233-->[com.google.android.datatransport:transport-backend-cct:3.1.8] AndroidManifest.xml:29:13-103
234            android:exported="false" >
234-->[com.google.android.datatransport:transport-backend-cct:3.1.8] AndroidManifest.xml:30:13-37
235            <meta-data
235-->[com.google.android.datatransport:transport-backend-cct:3.1.8] AndroidManifest.xml:31:13-33:39
236                android:name="backend:com.google.android.datatransport.cct.CctBackendFactory"
236-->[com.google.android.datatransport:transport-backend-cct:3.1.8] AndroidManifest.xml:32:17-94
237                android:value="cct" />
237-->[com.google.android.datatransport:transport-backend-cct:3.1.8] AndroidManifest.xml:33:17-36
238        </service>
239        <service
239-->[com.google.android.datatransport:transport-runtime:3.1.8] AndroidManifest.xml:26:9-30:19
240            android:name="com.google.android.datatransport.runtime.scheduling.jobscheduling.JobInfoSchedulerService"
240-->[com.google.android.datatransport:transport-runtime:3.1.8] AndroidManifest.xml:27:13-117
241            android:exported="false"
241-->[com.google.android.datatransport:transport-runtime:3.1.8] AndroidManifest.xml:28:13-37
242            android:permission="android.permission.BIND_JOB_SERVICE" >
242-->[com.google.android.datatransport:transport-runtime:3.1.8] AndroidManifest.xml:29:13-69
243        </service>
244
245        <receiver
245-->[com.google.android.datatransport:transport-runtime:3.1.8] AndroidManifest.xml:32:9-34:40
246            android:name="com.google.android.datatransport.runtime.scheduling.jobscheduling.AlarmManagerSchedulerBroadcastReceiver"
246-->[com.google.android.datatransport:transport-runtime:3.1.8] AndroidManifest.xml:33:13-132
247            android:exported="false" />
247-->[com.google.android.datatransport:transport-runtime:3.1.8] AndroidManifest.xml:34:13-37
248    </application>
249
250</manifest>